2019-09-27 22:54:35 Error: [Cake\Controller\Exception\MissingActionException] Action UsersController::img() could not be found, or is not accessible.
Exception Attributes: array (
  'controller' => 'UsersController',
  'action' => 'img',
  'prefix' => '',
  'plugin' => false,
)
#0 C:\xampp\htdocs\CakePHP\bigumed---CakePHP\bigumed\vendor\cakephp\cakephp\src\Http\ActionDispatcher.php(120): Cake\Controller\Controller->invokeAction()
#1 C:\xampp\htdocs\CakePHP\bigumed---CakePHP\bigumed\vendor\cakephp\cakephp\src\Http\ActionDispatcher.php(94): Cake\Http\ActionDispatcher->_invoke(Object(App\Controller\UsersController))
#2 C:\xampp\htdocs\CakePHP\bigumed---CakePHP\bigumed\vendor\cakephp\cakephp\src\Http\BaseApplication.php(235): Cake\Http\ActionDispatcher->dispatch(Object(Cake\Http\ServerRequest), Object(Cake\Http\Response))
#3 C:\xampp\htdocs\CakePHP\bigumed---CakePHP\bigumed\vendor\cakephp\cakephp\src\Http\Runner.php(65): Cake\Http\BaseApplication->__invoke(Object(Cake\Http\ServerRequest), Object(Cake\Http\Response), Object(Cake\Http\Runner))
#4 C:\xampp\htdocs\CakePHP\bigumed---CakePHP\bigumed\vendor\cakephp\cakephp\src\Http\Runner.php(65): Cake\Http\Runner->__invoke(Object(Cake\Http\ServerRequest), Object(Cake\Http\Response), Object(Cake\Http\Runner))
#5 C:\xampp\htdocs\CakePHP\bigumed---CakePHP\bigumed\vendor\cakephp\cakephp\src\Http\Middleware\CsrfProtectionMiddleware.php(123): Cake\Http\Runner->__invoke(Object(Cake\Http\ServerRequest), Object(Cake\Http\Response))
#6 C:\xampp\htdocs\CakePHP\bigumed---CakePHP\bigumed\vendor\cakephp\cakephp\src\Http\Runner.php(65): Cake\Http\Middleware\CsrfProtectionMiddleware->__invoke(Object(Cake\Http\ServerRequest), Object(Cake\Http\Response), Object(Cake\Http\Runner))
#7 C:\xampp\htdocs\CakePHP\bigumed---CakePHP\bigumed\vendor\cakephp\cakephp\src\Http\Runner.php(51): Cake\Http\Runner->__invoke(Object(Cake\Http\ServerRequest), Object(Cake\Http\Response))
#8 C:\xampp\htdocs\CakePHP\bigumed---CakePHP\bigumed\vendor\cakephp\cakephp\src\Routing\Middleware\RoutingMiddleware.php(168): Cake\Http\Runner->run(Object(Cake\Http\MiddlewareQueue), Object(Cake\Http\ServerRequest), Object(Cake\Http\Response))
#9 C:\xampp\htdocs\CakePHP\bigumed---CakePHP\bigumed\vendor\cakephp\cakephp\src\Http\Runner.php(65): Cake\Routing\Middleware\RoutingMiddleware->__invoke(Object(Cake\Http\ServerRequest), Object(Cake\Http\Response), Object(Cake\Http\Runner))
#10 C:\xampp\htdocs\CakePHP\bigumed---CakePHP\bigumed\vendor\cakephp\cakephp\src\Routing\Middleware\AssetMiddleware.php(97): Cake\Http\Runner->__invoke(Object(Cake\Http\ServerRequest), Object(Cake\Http\Response))
#11 C:\xampp\htdocs\CakePHP\bigumed---CakePHP\bigumed\vendor\cakephp\cakephp\src\Http\Runner.php(65): Cake\Routing\Middleware\AssetMiddleware->__invoke(Object(Cake\Http\ServerRequest), Object(Cake\Http\Response), Object(Cake\Http\Runner))
#12 C:\xampp\htdocs\CakePHP\bigumed---CakePHP\bigumed\vendor\cakephp\cakephp\src\Error\Middleware\ErrorHandlerMiddleware.php(96): Cake\Http\Runner->__invoke(Object(Cake\Http\ServerRequest), Object(Cake\Http\Response))
#13 C:\xampp\htdocs\CakePHP\bigumed---CakePHP\bigumed\vendor\cakephp\cakephp\src\Http\Runner.php(65): Cake\Error\Middleware\ErrorHandlerMiddleware->__invoke(Object(Cake\Http\ServerRequest), Object(Cake\Http\Response), Object(Cake\Http\Runner))
#14 C:\xampp\htdocs\CakePHP\bigumed---CakePHP\bigumed\vendor\cakephp\debug_kit\src\Middleware\DebugKitMiddleware.php(53): Cake\Http\Runner->__invoke(Object(Cake\Http\ServerRequest), Object(Cake\Http\Response))
#15 C:\xampp\htdocs\CakePHP\bigumed---CakePHP\bigumed\vendor\cakephp\cakephp\src\Http\Runner.php(65): DebugKit\Middleware\DebugKitMiddleware->__invoke(Object(Cake\Http\ServerRequest), Object(Cake\Http\Response), Object(Cake\Http\Runner))
#16 C:\xampp\htdocs\CakePHP\bigumed---CakePHP\bigumed\vendor\cakephp\cakephp\src\Http\Runner.php(51): Cake\Http\Runner->__invoke(Object(Cake\Http\ServerRequest), Object(Cake\Http\Response))
#17 C:\xampp\htdocs\CakePHP\bigumed---CakePHP\bigumed\vendor\cakephp\cakephp\src\Http\Server.php(98): Cake\Http\Runner->run(Object(Cake\Http\MiddlewareQueue), Object(Cake\Http\ServerRequest), Object(Cake\Http\Response))
#18 C:\xampp\htdocs\CakePHP\bigumed---CakePHP\bigumed\webroot\index.php(40): Cake\Http\Server->run()
#19 {main}
Request URL: /users/img/bigumedLogoMenu.png
Referer URL: http://localhost/CakePHP/bigumed---CakePHP/bigumed/users/login?redirect=%2Fusers%2F


2019-09-27 22:54:35 Error: [Cake\Controller\Exception\MissingActionException] Action UsersController::js() could not be found, or is not accessible.
Exception Attributes: array (
  'controller' => 'UsersController',
  'action' => 'js',
  'prefix' => '',
  'plugin' => false,
)
#0 C:\xampp\htdocs\CakePHP\bigumed---CakePHP\bigumed\vendor\cakephp\cakephp\src\Http\ActionDispatcher.php(120): Cake\Controller\Controller->invokeAction()
#1 C:\xampp\htdocs\CakePHP\bigumed---CakePHP\bigumed\vendor\cakephp\cakephp\src\Http\ActionDispatcher.php(94): Cake\Http\ActionDispatcher->_invoke(Object(App\Controller\UsersController))
#2 C:\xampp\htdocs\CakePHP\bigumed---CakePHP\bigumed\vendor\cakephp\cakephp\src\Http\BaseApplication.php(235): Cake\Http\ActionDispatcher->dispatch(Object(Cake\Http\ServerRequest), Object(Cake\Http\Response))
#3 C:\xampp\htdocs\CakePHP\bigumed---CakePHP\bigumed\vendor\cakephp\cakephp\src\Http\Runner.php(65): Cake\Http\BaseApplication->__invoke(Object(Cake\Http\ServerRequest), Object(Cake\Http\Response), Object(Cake\Http\Runner))
#4 C:\xampp\htdocs\CakePHP\bigumed---CakePHP\bigumed\vendor\cakephp\cakephp\src\Http\Runner.php(65): Cake\Http\Runner->__invoke(Object(Cake\Http\ServerRequest), Object(Cake\Http\Response), Object(Cake\Http\Runner))
#5 C:\xampp\htdocs\CakePHP\bigumed---CakePHP\bigumed\vendor\cakephp\cakephp\src\Http\Middleware\CsrfProtectionMiddleware.php(123): Cake\Http\Runner->__invoke(Object(Cake\Http\ServerRequest), Object(Cake\Http\Response))
#6 C:\xampp\htdocs\CakePHP\bigumed---CakePHP\bigumed\vendor\cakephp\cakephp\src\Http\Runner.php(65): Cake\Http\Middleware\CsrfProtectionMiddleware->__invoke(Object(Cake\Http\ServerRequest), Object(Cake\Http\Response), Object(Cake\Http\Runner))
#7 C:\xampp\htdocs\CakePHP\bigumed---CakePHP\bigumed\vendor\cakephp\cakephp\src\Http\Runner.php(51): Cake\Http\Runner->__invoke(Object(Cake\Http\ServerRequest), Object(Cake\Http\Response))
#8 C:\xampp\htdocs\CakePHP\bigumed---CakePHP\bigumed\vendor\cakephp\cakephp\src\Routing\Middleware\RoutingMiddleware.php(168): Cake\Http\Runner->run(Object(Cake\Http\MiddlewareQueue), Object(Cake\Http\ServerRequest), Object(Cake\Http\Response))
#9 C:\xampp\htdocs\CakePHP\bigumed---CakePHP\bigumed\vendor\cakephp\cakephp\src\Http\Runner.php(65): Cake\Routing\Middleware\RoutingMiddleware->__invoke(Object(Cake\Http\ServerRequest), Object(Cake\Http\Response), Object(Cake\Http\Runner))
#10 C:\xampp\htdocs\CakePHP\bigumed---CakePHP\bigumed\vendor\cakephp\cakephp\src\Routing\Middleware\AssetMiddleware.php(97): Cake\Http\Runner->__invoke(Object(Cake\Http\ServerRequest), Object(Cake\Http\Response))
#11 C:\xampp\htdocs\CakePHP\bigumed---CakePHP\bigumed\vendor\cakephp\cakephp\src\Http\Runner.php(65): Cake\Routing\Middleware\AssetMiddleware->__invoke(Object(Cake\Http\ServerRequest), Object(Cake\Http\Response), Object(Cake\Http\Runner))
#12 C:\xampp\htdocs\CakePHP\bigumed---CakePHP\bigumed\vendor\cakephp\cakephp\src\Error\Middleware\ErrorHandlerMiddleware.php(96): Cake\Http\Runner->__invoke(Object(Cake\Http\ServerRequest), Object(Cake\Http\Response))
#13 C:\xampp\htdocs\CakePHP\bigumed---CakePHP\bigumed\vendor\cakephp\cakephp\src\Http\Runner.php(65): Cake\Error\Middleware\ErrorHandlerMiddleware->__invoke(Object(Cake\Http\ServerRequest), Object(Cake\Http\Response), Object(Cake\Http\Runner))
#14 C:\xampp\htdocs\CakePHP\bigumed---CakePHP\bigumed\vendor\cakephp\debug_kit\src\Middleware\DebugKitMiddleware.php(53): Cake\Http\Runner->__invoke(Object(Cake\Http\ServerRequest), Object(Cake\Http\Response))
#15 C:\xampp\htdocs\CakePHP\bigumed---CakePHP\bigumed\vendor\cakephp\cakephp\src\Http\Runner.php(65): DebugKit\Middleware\DebugKitMiddleware->__invoke(Object(Cake\Http\ServerRequest), Object(Cake\Http\Response), Object(Cake\Http\Runner))
#16 C:\xampp\htdocs\CakePHP\bigumed---CakePHP\bigumed\vendor\cakephp\cakephp\src\Http\Runner.php(51): Cake\Http\Runner->__invoke(Object(Cake\Http\ServerRequest), Object(Cake\Http\Response))
#17 C:\xampp\htdocs\CakePHP\bigumed---CakePHP\bigumed\vendor\cakephp\cakephp\src\Http\Server.php(98): Cake\Http\Runner->run(Object(Cake\Http\MiddlewareQueue), Object(Cake\Http\ServerRequest), Object(Cake\Http\Response))
#18 C:\xampp\htdocs\CakePHP\bigumed---CakePHP\bigumed\webroot\index.php(40): Cake\Http\Server->run()
#19 {main}
Request URL: /users/js/materialize.min.js
Referer URL: http://localhost/CakePHP/bigumed---CakePHP/bigumed/users/login?redirect=%2Fusers%2F


2019-09-27 22:54:36 Error: [Cake\Controller\Exception\MissingActionException] Action UsersController::js() could not be found, or is not accessible.
Exception Attributes: array (
  'controller' => 'UsersController',
  'action' => 'js',
  'prefix' => '',
  'plugin' => false,
)
#0 C:\xampp\htdocs\CakePHP\bigumed---CakePHP\bigumed\vendor\cakephp\cakephp\src\Http\ActionDispatcher.php(120): Cake\Controller\Controller->invokeAction()
#1 C:\xampp\htdocs\CakePHP\bigumed---CakePHP\bigumed\vendor\cakephp\cakephp\src\Http\ActionDispatcher.php(94): Cake\Http\ActionDispatcher->_invoke(Object(App\Controller\UsersController))
#2 C:\xampp\htdocs\CakePHP\bigumed---CakePHP\bigumed\vendor\cakephp\cakephp\src\Http\BaseApplication.php(235): Cake\Http\ActionDispatcher->dispatch(Object(Cake\Http\ServerRequest), Object(Cake\Http\Response))
#3 C:\xampp\htdocs\CakePHP\bigumed---CakePHP\bigumed\vendor\cakephp\cakephp\src\Http\Runner.php(65): Cake\Http\BaseApplication->__invoke(Object(Cake\Http\ServerRequest), Object(Cake\Http\Response), Object(Cake\Http\Runner))
#4 C:\xampp\htdocs\CakePHP\bigumed---CakePHP\bigumed\vendor\cakephp\cakephp\src\Http\Runner.php(65): Cake\Http\Runner->__invoke(Object(Cake\Http\ServerRequest), Object(Cake\Http\Response), Object(Cake\Http\Runner))
#5 C:\xampp\htdocs\CakePHP\bigumed---CakePHP\bigumed\vendor\cakephp\cakephp\src\Http\Middleware\CsrfProtectionMiddleware.php(123): Cake\Http\Runner->__invoke(Object(Cake\Http\ServerRequest), Object(Cake\Http\Response))
#6 C:\xampp\htdocs\CakePHP\bigumed---CakePHP\bigumed\vendor\cakephp\cakephp\src\Http\Runner.php(65): Cake\Http\Middleware\CsrfProtectionMiddleware->__invoke(Object(Cake\Http\ServerRequest), Object(Cake\Http\Response), Object(Cake\Http\Runner))
#7 C:\xampp\htdocs\CakePHP\bigumed---CakePHP\bigumed\vendor\cakephp\cakephp\src\Http\Runner.php(51): Cake\Http\Runner->__invoke(Object(Cake\Http\ServerRequest), Object(Cake\Http\Response))
#8 C:\xampp\htdocs\CakePHP\bigumed---CakePHP\bigumed\vendor\cakephp\cakephp\src\Routing\Middleware\RoutingMiddleware.php(168): Cake\Http\Runner->run(Object(Cake\Http\MiddlewareQueue), Object(Cake\Http\ServerRequest), Object(Cake\Http\Response))
#9 C:\xampp\htdocs\CakePHP\bigumed---CakePHP\bigumed\vendor\cakephp\cakephp\src\Http\Runner.php(65): Cake\Routing\Middleware\RoutingMiddleware->__invoke(Object(Cake\Http\ServerRequest), Object(Cake\Http\Response), Object(Cake\Http\Runner))
#10 C:\xampp\htdocs\CakePHP\bigumed---CakePHP\bigumed\vendor\cakephp\cakephp\src\Routing\Middleware\AssetMiddleware.php(97): Cake\Http\Runner->__invoke(Object(Cake\Http\ServerRequest), Object(Cake\Http\Response))
#11 C:\xampp\htdocs\CakePHP\bigumed---CakePHP\bigumed\vendor\cakephp\cakephp\src\Http\Runner.php(65): Cake\Routing\Middleware\AssetMiddleware->__invoke(Object(Cake\Http\ServerRequest), Object(Cake\Http\Response), Object(Cake\Http\Runner))
#12 C:\xampp\htdocs\CakePHP\bigumed---CakePHP\bigumed\vendor\cakephp\cakephp\src\Error\Middleware\ErrorHandlerMiddleware.php(96): Cake\Http\Runner->__invoke(Object(Cake\Http\ServerRequest), Object(Cake\Http\Response))
#13 C:\xampp\htdocs\CakePHP\bigumed---CakePHP\bigumed\vendor\cakephp\cakephp\src\Http\Runner.php(65): Cake\Error\Middleware\ErrorHandlerMiddleware->__invoke(Object(Cake\Http\ServerRequest), Object(Cake\Http\Response), Object(Cake\Http\Runner))
#14 C:\xampp\htdocs\CakePHP\bigumed---CakePHP\bigumed\vendor\cakephp\debug_kit\src\Middleware\DebugKitMiddleware.php(53): Cake\Http\Runner->__invoke(Object(Cake\Http\ServerRequest), Object(Cake\Http\Response))
#15 C:\xampp\htdocs\CakePHP\bigumed---CakePHP\bigumed\vendor\cakephp\cakephp\src\Http\Runner.php(65): DebugKit\Middleware\DebugKitMiddleware->__invoke(Object(Cake\Http\ServerRequest), Object(Cake\Http\Response), Object(Cake\Http\Runner))
#16 C:\xampp\htdocs\CakePHP\bigumed---CakePHP\bigumed\vendor\cakephp\cakephp\src\Http\Runner.php(51): Cake\Http\Runner->__invoke(Object(Cake\Http\ServerRequest), Object(Cake\Http\Response))
#17 C:\xampp\htdocs\CakePHP\bigumed---CakePHP\bigumed\vendor\cakephp\cakephp\src\Http\Server.php(98): Cake\Http\Runner->run(Object(Cake\Http\MiddlewareQueue), Object(Cake\Http\ServerRequest), Object(Cake\Http\Response))
#18 C:\xampp\htdocs\CakePHP\bigumed---CakePHP\bigumed\webroot\index.php(40): Cake\Http\Server->run()
#19 {main}
Request URL: /users/js/script.js
Referer URL: http://localhost/CakePHP/bigumed---CakePHP/bigumed/users/login?redirect=%2Fusers%2F


2019-09-27 23:08:07 Error: [Cake\Controller\Exception\MissingActionException] Action UsersController::img() could not be found, or is not accessible.
Exception Attributes: array (
  'controller' => 'UsersController',
  'action' => 'img',
  'prefix' => '',
  'plugin' => false,
)
#0 C:\xampp\htdocs\CakePHP\bigumed---CakePHP\bigumed\vendor\cakephp\cakephp\src\Http\ActionDispatcher.php(120): Cake\Controller\Controller->invokeAction()
#1 C:\xampp\htdocs\CakePHP\bigumed---CakePHP\bigumed\vendor\cakephp\cakephp\src\Http\ActionDispatcher.php(94): Cake\Http\ActionDispatcher->_invoke(Object(App\Controller\UsersController))
#2 C:\xampp\htdocs\CakePHP\bigumed---CakePHP\bigumed\vendor\cakephp\cakephp\src\Http\BaseApplication.php(235): Cake\Http\ActionDispatcher->dispatch(Object(Cake\Http\ServerRequest), Object(Cake\Http\Response))
#3 C:\xampp\htdocs\CakePHP\bigumed---CakePHP\bigumed\vendor\cakephp\cakephp\src\Http\Runner.php(65): Cake\Http\BaseApplication->__invoke(Object(Cake\Http\ServerRequest), Object(Cake\Http\Response), Object(Cake\Http\Runner))
#4 C:\xampp\htdocs\CakePHP\bigumed---CakePHP\bigumed\vendor\cakephp\cakephp\src\Http\Runner.php(65): Cake\Http\Runner->__invoke(Object(Cake\Http\ServerRequest), Object(Cake\Http\Response), Object(Cake\Http\Runner))
#5 C:\xampp\htdocs\CakePHP\bigumed---CakePHP\bigumed\vendor\cakephp\cakephp\src\Http\Middleware\CsrfProtectionMiddleware.php(123): Cake\Http\Runner->__invoke(Object(Cake\Http\ServerRequest), Object(Cake\Http\Response))
#6 C:\xampp\htdocs\CakePHP\bigumed---CakePHP\bigumed\vendor\cakephp\cakephp\src\Http\Runner.php(65): Cake\Http\Middleware\CsrfProtectionMiddleware->__invoke(Object(Cake\Http\ServerRequest), Object(Cake\Http\Response), Object(Cake\Http\Runner))
#7 C:\xampp\htdocs\CakePHP\bigumed---CakePHP\bigumed\vendor\cakephp\cakephp\src\Http\Runner.php(51): Cake\Http\Runner->__invoke(Object(Cake\Http\ServerRequest), Object(Cake\Http\Response))
#8 C:\xampp\htdocs\CakePHP\bigumed---CakePHP\bigumed\vendor\cakephp\cakephp\src\Routing\Middleware\RoutingMiddleware.php(168): Cake\Http\Runner->run(Object(Cake\Http\MiddlewareQueue), Object(Cake\Http\ServerRequest), Object(Cake\Http\Response))
#9 C:\xampp\htdocs\CakePHP\bigumed---CakePHP\bigumed\vendor\cakephp\cakephp\src\Http\Runner.php(65): Cake\Routing\Middleware\RoutingMiddleware->__invoke(Object(Cake\Http\ServerRequest), Object(Cake\Http\Response), Object(Cake\Http\Runner))
#10 C:\xampp\htdocs\CakePHP\bigumed---CakePHP\bigumed\vendor\cakephp\cakephp\src\Routing\Middleware\AssetMiddleware.php(97): Cake\Http\Runner->__invoke(Object(Cake\Http\ServerRequest), Object(Cake\Http\Response))
#11 C:\xampp\htdocs\CakePHP\bigumed---CakePHP\bigumed\vendor\cakephp\cakephp\src\Http\Runner.php(65): Cake\Routing\Middleware\AssetMiddleware->__invoke(Object(Cake\Http\ServerRequest), Object(Cake\Http\Response), Object(Cake\Http\Runner))
#12 C:\xampp\htdocs\CakePHP\bigumed---CakePHP\bigumed\vendor\cakephp\cakephp\src\Error\Middleware\ErrorHandlerMiddleware.php(96): Cake\Http\Runner->__invoke(Object(Cake\Http\ServerRequest), Object(Cake\Http\Response))
#13 C:\xampp\htdocs\CakePHP\bigumed---CakePHP\bigumed\vendor\cakephp\cakephp\src\Http\Runner.php(65): Cake\Error\Middleware\ErrorHandlerMiddleware->__invoke(Object(Cake\Http\ServerRequest), Object(Cake\Http\Response), Object(Cake\Http\Runner))
#14 C:\xampp\htdocs\CakePHP\bigumed---CakePHP\bigumed\vendor\cakephp\debug_kit\src\Middleware\DebugKitMiddleware.php(53): Cake\Http\Runner->__invoke(Object(Cake\Http\ServerRequest), Object(Cake\Http\Response))
#15 C:\xampp\htdocs\CakePHP\bigumed---CakePHP\bigumed\vendor\cakephp\cakephp\src\Http\Runner.php(65): DebugKit\Middleware\DebugKitMiddleware->__invoke(Object(Cake\Http\ServerRequest), Object(Cake\Http\Response), Object(Cake\Http\Runner))
#16 C:\xampp\htdocs\CakePHP\bigumed---CakePHP\bigumed\vendor\cakephp\cakephp\src\Http\Runner.php(51): Cake\Http\Runner->__invoke(Object(Cake\Http\ServerRequest), Object(Cake\Http\Response))
#17 C:\xampp\htdocs\CakePHP\bigumed---CakePHP\bigumed\vendor\cakephp\cakephp\src\Http\Server.php(98): Cake\Http\Runner->run(Object(Cake\Http\MiddlewareQueue), Object(Cake\Http\ServerRequest), Object(Cake\Http\Response))
#18 C:\xampp\htdocs\CakePHP\bigumed---CakePHP\bigumed\webroot\index.php(40): Cake\Http\Server->run()
#19 {main}
Request URL: /users/img/bigumedLogoMenu.png
Referer URL: http://localhost/CakePHP/bigumed---CakePHP/bigumed/users/login


2019-09-27 23:08:08 Error: [Cake\Controller\Exception\MissingActionException] Action UsersController::js() could not be found, or is not accessible.
Exception Attributes: array (
  'controller' => 'UsersController',
  'action' => 'js',
  'prefix' => '',
  'plugin' => false,
)
#0 C:\xampp\htdocs\CakePHP\bigumed---CakePHP\bigumed\vendor\cakephp\cakephp\src\Http\ActionDispatcher.php(120): Cake\Controller\Controller->invokeAction()
#1 C:\xampp\htdocs\CakePHP\bigumed---CakePHP\bigumed\vendor\cakephp\cakephp\src\Http\ActionDispatcher.php(94): Cake\Http\ActionDispatcher->_invoke(Object(App\Controller\UsersController))
#2 C:\xampp\htdocs\CakePHP\bigumed---CakePHP\bigumed\vendor\cakephp\cakephp\src\Http\BaseApplication.php(235): Cake\Http\ActionDispatcher->dispatch(Object(Cake\Http\ServerRequest), Object(Cake\Http\Response))
#3 C:\xampp\htdocs\CakePHP\bigumed---CakePHP\bigumed\vendor\cakephp\cakephp\src\Http\Runner.php(65): Cake\Http\BaseApplication->__invoke(Object(Cake\Http\ServerRequest), Object(Cake\Http\Response), Object(Cake\Http\Runner))
#4 C:\xampp\htdocs\CakePHP\bigumed---CakePHP\bigumed\vendor\cakephp\cakephp\src\Http\Runner.php(65): Cake\Http\Runner->__invoke(Object(Cake\Http\ServerRequest), Object(Cake\Http\Response), Object(Cake\Http\Runner))
#5 C:\xampp\htdocs\CakePHP\bigumed---CakePHP\bigumed\vendor\cakephp\cakephp\src\Http\Middleware\CsrfProtectionMiddleware.php(123): Cake\Http\Runner->__invoke(Object(Cake\Http\ServerRequest), Object(Cake\Http\Response))
#6 C:\xampp\htdocs\CakePHP\bigumed---CakePHP\bigumed\vendor\cakephp\cakephp\src\Http\Runner.php(65): Cake\Http\Middleware\CsrfProtectionMiddleware->__invoke(Object(Cake\Http\ServerRequest), Object(Cake\Http\Response), Object(Cake\Http\Runner))
#7 C:\xampp\htdocs\CakePHP\bigumed---CakePHP\bigumed\vendor\cakephp\cakephp\src\Http\Runner.php(51): Cake\Http\Runner->__invoke(Object(Cake\Http\ServerRequest), Object(Cake\Http\Response))
#8 C:\xampp\htdocs\CakePHP\bigumed---CakePHP\bigumed\vendor\cakephp\cakephp\src\Routing\Middleware\RoutingMiddleware.php(168): Cake\Http\Runner->run(Object(Cake\Http\MiddlewareQueue), Object(Cake\Http\ServerRequest), Object(Cake\Http\Response))
#9 C:\xampp\htdocs\CakePHP\bigumed---CakePHP\bigumed\vendor\cakephp\cakephp\src\Http\Runner.php(65): Cake\Routing\Middleware\RoutingMiddleware->__invoke(Object(Cake\Http\ServerRequest), Object(Cake\Http\Response), Object(Cake\Http\Runner))
#10 C:\xampp\htdocs\CakePHP\bigumed---CakePHP\bigumed\vendor\cakephp\cakephp\src\Routing\Middleware\AssetMiddleware.php(97): Cake\Http\Runner->__invoke(Object(Cake\Http\ServerRequest), Object(Cake\Http\Response))
#11 C:\xampp\htdocs\CakePHP\bigumed---CakePHP\bigumed\vendor\cakephp\cakephp\src\Http\Runner.php(65): Cake\Routing\Middleware\AssetMiddleware->__invoke(Object(Cake\Http\ServerRequest), Object(Cake\Http\Response), Object(Cake\Http\Runner))
#12 C:\xampp\htdocs\CakePHP\bigumed---CakePHP\bigumed\vendor\cakephp\cakephp\src\Error\Middleware\ErrorHandlerMiddleware.php(96): Cake\Http\Runner->__invoke(Object(Cake\Http\ServerRequest), Object(Cake\Http\Response))
#13 C:\xampp\htdocs\CakePHP\bigumed---CakePHP\bigumed\vendor\cakephp\cakephp\src\Http\Runner.php(65): Cake\Error\Middleware\ErrorHandlerMiddleware->__invoke(Object(Cake\Http\ServerRequest), Object(Cake\Http\Response), Object(Cake\Http\Runner))
#14 C:\xampp\htdocs\CakePHP\bigumed---CakePHP\bigumed\vendor\cakephp\debug_kit\src\Middleware\DebugKitMiddleware.php(53): Cake\Http\Runner->__invoke(Object(Cake\Http\ServerRequest), Object(Cake\Http\Response))
#15 C:\xampp\htdocs\CakePHP\bigumed---CakePHP\bigumed\vendor\cakephp\cakephp\src\Http\Runner.php(65): DebugKit\Middleware\DebugKitMiddleware->__invoke(Object(Cake\Http\ServerRequest), Object(Cake\Http\Response), Object(Cake\Http\Runner))
#16 C:\xampp\htdocs\CakePHP\bigumed---CakePHP\bigumed\vendor\cakephp\cakephp\src\Http\Runner.php(51): Cake\Http\Runner->__invoke(Object(Cake\Http\ServerRequest), Object(Cake\Http\Response))
#17 C:\xampp\htdocs\CakePHP\bigumed---CakePHP\bigumed\vendor\cakephp\cakephp\src\Http\Server.php(98): Cake\Http\Runner->run(Object(Cake\Http\MiddlewareQueue), Object(Cake\Http\ServerRequest), Object(Cake\Http\Response))
#18 C:\xampp\htdocs\CakePHP\bigumed---CakePHP\bigumed\webroot\index.php(40): Cake\Http\Server->run()
#19 {main}
Request URL: /users/js/script.js
Referer URL: http://localhost/CakePHP/bigumed---CakePHP/bigumed/users/login


2019-09-27 23:08:08 Error: [Cake\Controller\Exception\MissingActionException] Action UsersController::js() could not be found, or is not accessible.
Exception Attributes: array (
  'controller' => 'UsersController',
  'action' => 'js',
  'prefix' => '',
  'plugin' => false,
)
#0 C:\xampp\htdocs\CakePHP\bigumed---CakePHP\bigumed\vendor\cakephp\cakephp\src\Http\ActionDispatcher.php(120): Cake\Controller\Controller->invokeAction()
#1 C:\xampp\htdocs\CakePHP\bigumed---CakePHP\bigumed\vendor\cakephp\cakephp\src\Http\ActionDispatcher.php(94): Cake\Http\ActionDispatcher->_invoke(Object(App\Controller\UsersController))
#2 C:\xampp\htdocs\CakePHP\bigumed---CakePHP\bigumed\vendor\cakephp\cakephp\src\Http\BaseApplication.php(235): Cake\Http\ActionDispatcher->dispatch(Object(Cake\Http\ServerRequest), Object(Cake\Http\Response))
#3 C:\xampp\htdocs\CakePHP\bigumed---CakePHP\bigumed\vendor\cakephp\cakephp\src\Http\Runner.php(65): Cake\Http\BaseApplication->__invoke(Object(Cake\Http\ServerRequest), Object(Cake\Http\Response), Object(Cake\Http\Runner))
#4 C:\xampp\htdocs\CakePHP\bigumed---CakePHP\bigumed\vendor\cakephp\cakephp\src\Http\Runner.php(65): Cake\Http\Runner->__invoke(Object(Cake\Http\ServerRequest), Object(Cake\Http\Response), Object(Cake\Http\Runner))
#5 C:\xampp\htdocs\CakePHP\bigumed---CakePHP\bigumed\vendor\cakephp\cakephp\src\Http\Middleware\CsrfProtectionMiddleware.php(123): Cake\Http\Runner->__invoke(Object(Cake\Http\ServerRequest), Object(Cake\Http\Response))
#6 C:\xampp\htdocs\CakePHP\bigumed---CakePHP\bigumed\vendor\cakephp\cakephp\src\Http\Runner.php(65): Cake\Http\Middleware\CsrfProtectionMiddleware->__invoke(Object(Cake\Http\ServerRequest), Object(Cake\Http\Response), Object(Cake\Http\Runner))
#7 C:\xampp\htdocs\CakePHP\bigumed---CakePHP\bigumed\vendor\cakephp\cakephp\src\Http\Runner.php(51): Cake\Http\Runner->__invoke(Object(Cake\Http\ServerRequest), Object(Cake\Http\Response))
#8 C:\xampp\htdocs\CakePHP\bigumed---CakePHP\bigumed\vendor\cakephp\cakephp\src\Routing\Middleware\RoutingMiddleware.php(168): Cake\Http\Runner->run(Object(Cake\Http\MiddlewareQueue), Object(Cake\Http\ServerRequest), Object(Cake\Http\Response))
#9 C:\xampp\htdocs\CakePHP\bigumed---CakePHP\bigumed\vendor\cakephp\cakephp\src\Http\Runner.php(65): Cake\Routing\Middleware\RoutingMiddleware->__invoke(Object(Cake\Http\ServerRequest), Object(Cake\Http\Response), Object(Cake\Http\Runner))
#10 C:\xampp\htdocs\CakePHP\bigumed---CakePHP\bigumed\vendor\cakephp\cakephp\src\Routing\Middleware\AssetMiddleware.php(97): Cake\Http\Runner->__invoke(Object(Cake\Http\ServerRequest), Object(Cake\Http\Response))
#11 C:\xampp\htdocs\CakePHP\bigumed---CakePHP\bigumed\vendor\cakephp\cakephp\src\Http\Runner.php(65): Cake\Routing\Middleware\AssetMiddleware->__invoke(Object(Cake\Http\ServerRequest), Object(Cake\Http\Response), Object(Cake\Http\Runner))
#12 C:\xampp\htdocs\CakePHP\bigumed---CakePHP\bigumed\vendor\cakephp\cakephp\src\Error\Middleware\ErrorHandlerMiddleware.php(96): Cake\Http\Runner->__invoke(Object(Cake\Http\ServerRequest), Object(Cake\Http\Response))
#13 C:\xampp\htdocs\CakePHP\bigumed---CakePHP\bigumed\vendor\cakephp\cakephp\src\Http\Runner.php(65): Cake\Error\Middleware\ErrorHandlerMiddleware->__invoke(Object(Cake\Http\ServerRequest), Object(Cake\Http\Response), Object(Cake\Http\Runner))
#14 C:\xampp\htdocs\CakePHP\bigumed---CakePHP\bigumed\vendor\cakephp\debug_kit\src\Middleware\DebugKitMiddleware.php(53): Cake\Http\Runner->__invoke(Object(Cake\Http\ServerRequest), Object(Cake\Http\Response))
#15 C:\xampp\htdocs\CakePHP\bigumed---CakePHP\bigumed\vendor\cakephp\cakephp\src\Http\Runner.php(65): DebugKit\Middleware\DebugKitMiddleware->__invoke(Object(Cake\Http\ServerRequest), Object(Cake\Http\Response), Object(Cake\Http\Runner))
#16 C:\xampp\htdocs\CakePHP\bigumed---CakePHP\bigumed\vendor\cakephp\cakephp\src\Http\Runner.php(51): Cake\Http\Runner->__invoke(Object(Cake\Http\ServerRequest), Object(Cake\Http\Response))
#17 C:\xampp\htdocs\CakePHP\bigumed---CakePHP\bigumed\vendor\cakephp\cakephp\src\Http\Server.php(98): Cake\Http\Runner->run(Object(Cake\Http\MiddlewareQueue), Object(Cake\Http\ServerRequest), Object(Cake\Http\Response))
#18 C:\xampp\htdocs\CakePHP\bigumed---CakePHP\bigumed\webroot\index.php(40): Cake\Http\Server->run()
#19 {main}
Request URL: /users/js/materialize.min.js
Referer URL: http://localhost/CakePHP/bigumed---CakePHP/bigumed/users/login


2019-09-27 23:08:09 Error: [Cake\Controller\Exception\MissingActionException] Action UsersController::js() could not be found, or is not accessible.
Exception Attributes: array (
  'controller' => 'UsersController',
  'action' => 'js',
  'prefix' => '',
  'plugin' => false,
)
#0 C:\xampp\htdocs\CakePHP\bigumed---CakePHP\bigumed\vendor\cakephp\cakephp\src\Http\ActionDispatcher.php(120): Cake\Controller\Controller->invokeAction()
#1 C:\xampp\htdocs\CakePHP\bigumed---CakePHP\bigumed\vendor\cakephp\cakephp\src\Http\ActionDispatcher.php(94): Cake\Http\ActionDispatcher->_invoke(Object(App\Controller\UsersController))
#2 C:\xampp\htdocs\CakePHP\bigumed---CakePHP\bigumed\vendor\cakephp\cakephp\src\Http\BaseApplication.php(235): Cake\Http\ActionDispatcher->dispatch(Object(Cake\Http\ServerRequest), Object(Cake\Http\Response))
#3 C:\xampp\htdocs\CakePHP\bigumed---CakePHP\bigumed\vendor\cakephp\cakephp\src\Http\Runner.php(65): Cake\Http\BaseApplication->__invoke(Object(Cake\Http\ServerRequest), Object(Cake\Http\Response), Object(Cake\Http\Runner))
#4 C:\xampp\htdocs\CakePHP\bigumed---CakePHP\bigumed\vendor\cakephp\cakephp\src\Http\Runner.php(65): Cake\Http\Runner->__invoke(Object(Cake\Http\ServerRequest), Object(Cake\Http\Response), Object(Cake\Http\Runner))
#5 C:\xampp\htdocs\CakePHP\bigumed---CakePHP\bigumed\vendor\cakephp\cakephp\src\Http\Middleware\CsrfProtectionMiddleware.php(123): Cake\Http\Runner->__invoke(Object(Cake\Http\ServerRequest), Object(Cake\Http\Response))
#6 C:\xampp\htdocs\CakePHP\bigumed---CakePHP\bigumed\vendor\cakephp\cakephp\src\Http\Runner.php(65): Cake\Http\Middleware\CsrfProtectionMiddleware->__invoke(Object(Cake\Http\ServerRequest), Object(Cake\Http\Response), Object(Cake\Http\Runner))
#7 C:\xampp\htdocs\CakePHP\bigumed---CakePHP\bigumed\vendor\cakephp\cakephp\src\Http\Runner.php(51): Cake\Http\Runner->__invoke(Object(Cake\Http\ServerRequest), Object(Cake\Http\Response))
#8 C:\xampp\htdocs\CakePHP\bigumed---CakePHP\bigumed\vendor\cakephp\cakephp\src\Routing\Middleware\RoutingMiddleware.php(168): Cake\Http\Runner->run(Object(Cake\Http\MiddlewareQueue), Object(Cake\Http\ServerRequest), Object(Cake\Http\Response))
#9 C:\xampp\htdocs\CakePHP\bigumed---CakePHP\bigumed\vendor\cakephp\cakephp\src\Http\Runner.php(65): Cake\Routing\Middleware\RoutingMiddleware->__invoke(Object(Cake\Http\ServerRequest), Object(Cake\Http\Response), Object(Cake\Http\Runner))
#10 C:\xampp\htdocs\CakePHP\bigumed---CakePHP\bigumed\vendor\cakephp\cakephp\src\Routing\Middleware\AssetMiddleware.php(97): Cake\Http\Runner->__invoke(Object(Cake\Http\ServerRequest), Object(Cake\Http\Response))
#11 C:\xampp\htdocs\CakePHP\bigumed---CakePHP\bigumed\vendor\cakephp\cakephp\src\Http\Runner.php(65): Cake\Routing\Middleware\AssetMiddleware->__invoke(Object(Cake\Http\ServerRequest), Object(Cake\Http\Response), Object(Cake\Http\Runner))
#12 C:\xampp\htdocs\CakePHP\bigumed---CakePHP\bigumed\vendor\cakephp\cakephp\src\Error\Middleware\ErrorHandlerMiddleware.php(96): Cake\Http\Runner->__invoke(Object(Cake\Http\ServerRequest), Object(Cake\Http\Response))
#13 C:\xampp\htdocs\CakePHP\bigumed---CakePHP\bigumed\vendor\cakephp\cakephp\src\Http\Runner.php(65): Cake\Error\Middleware\ErrorHandlerMiddleware->__invoke(Object(Cake\Http\ServerRequest), Object(Cake\Http\Response), Object(Cake\Http\Runner))
#14 C:\xampp\htdocs\CakePHP\bigumed---CakePHP\bigumed\vendor\cakephp\debug_kit\src\Middleware\DebugKitMiddleware.php(53): Cake\Http\Runner->__invoke(Object(Cake\Http\ServerRequest), Object(Cake\Http\Response))
#15 C:\xampp\htdocs\CakePHP\bigumed---CakePHP\bigumed\vendor\cakephp\cakephp\src\Http\Runner.php(65): DebugKit\Middleware\DebugKitMiddleware->__invoke(Object(Cake\Http\ServerRequest), Object(Cake\Http\Response), Object(Cake\Http\Runner))
#16 C:\xampp\htdocs\CakePHP\bigumed---CakePHP\bigumed\vendor\cakephp\cakephp\src\Http\Runner.php(51): Cake\Http\Runner->__invoke(Object(Cake\Http\ServerRequest), Object(Cake\Http\Response))
#17 C:\xampp\htdocs\CakePHP\bigumed---CakePHP\bigumed\vendor\cakephp\cakephp\src\Http\Server.php(98): Cake\Http\Runner->run(Object(Cake\Http\MiddlewareQueue), Object(Cake\Http\ServerRequest), Object(Cake\Http\Response))
#18 C:\xampp\htdocs\CakePHP\bigumed---CakePHP\bigumed\webroot\index.php(40): Cake\Http\Server->run()
#19 {main}
Request URL: /users/js/script.js
Referer URL: http://localhost/CakePHP/bigumed---CakePHP/bigumed/users/login


2019-09-27 23:08:11 Error: [Cake\Controller\Exception\MissingActionException] Action UsersController::img() could not be found, or is not accessible.
Exception Attributes: array (
  'controller' => 'UsersController',
  'action' => 'img',
  'prefix' => '',
  'plugin' => false,
)
#0 C:\xampp\htdocs\CakePHP\bigumed---CakePHP\bigumed\vendor\cakephp\cakephp\src\Http\ActionDispatcher.php(120): Cake\Controller\Controller->invokeAction()
#1 C:\xampp\htdocs\CakePHP\bigumed---CakePHP\bigumed\vendor\cakephp\cakephp\src\Http\ActionDispatcher.php(94): Cake\Http\ActionDispatcher->_invoke(Object(App\Controller\UsersController))
#2 C:\xampp\htdocs\CakePHP\bigumed---CakePHP\bigumed\vendor\cakephp\cakephp\src\Http\BaseApplication.php(235): Cake\Http\ActionDispatcher->dispatch(Object(Cake\Http\ServerRequest), Object(Cake\Http\Response))
#3 C:\xampp\htdocs\CakePHP\bigumed---CakePHP\bigumed\vendor\cakephp\cakephp\src\Http\Runner.php(65): Cake\Http\BaseApplication->__invoke(Object(Cake\Http\ServerRequest), Object(Cake\Http\Response), Object(Cake\Http\Runner))
#4 C:\xampp\htdocs\CakePHP\bigumed---CakePHP\bigumed\vendor\cakephp\cakephp\src\Http\Runner.php(65): Cake\Http\Runner->__invoke(Object(Cake\Http\ServerRequest), Object(Cake\Http\Response), Object(Cake\Http\Runner))
#5 C:\xampp\htdocs\CakePHP\bigumed---CakePHP\bigumed\vendor\cakephp\cakephp\src\Http\Middleware\CsrfProtectionMiddleware.php(123): Cake\Http\Runner->__invoke(Object(Cake\Http\ServerRequest), Object(Cake\Http\Response))
#6 C:\xampp\htdocs\CakePHP\bigumed---CakePHP\bigumed\vendor\cakephp\cakephp\src\Http\Runner.php(65): Cake\Http\Middleware\CsrfProtectionMiddleware->__invoke(Object(Cake\Http\ServerRequest), Object(Cake\Http\Response), Object(Cake\Http\Runner))
#7 C:\xampp\htdocs\CakePHP\bigumed---CakePHP\bigumed\vendor\cakephp\cakephp\src\Http\Runner.php(51): Cake\Http\Runner->__invoke(Object(Cake\Http\ServerRequest), Object(Cake\Http\Response))
#8 C:\xampp\htdocs\CakePHP\bigumed---CakePHP\bigumed\vendor\cakephp\cakephp\src\Routing\Middleware\RoutingMiddleware.php(168): Cake\Http\Runner->run(Object(Cake\Http\MiddlewareQueue), Object(Cake\Http\ServerRequest), Object(Cake\Http\Response))
#9 C:\xampp\htdocs\CakePHP\bigumed---CakePHP\bigumed\vendor\cakephp\cakephp\src\Http\Runner.php(65): Cake\Routing\Middleware\RoutingMiddleware->__invoke(Object(Cake\Http\ServerRequest), Object(Cake\Http\Response), Object(Cake\Http\Runner))
#10 C:\xampp\htdocs\CakePHP\bigumed---CakePHP\bigumed\vendor\cakephp\cakephp\src\Routing\Middleware\AssetMiddleware.php(97): Cake\Http\Runner->__invoke(Object(Cake\Http\ServerRequest), Object(Cake\Http\Response))
#11 C:\xampp\htdocs\CakePHP\bigumed---CakePHP\bigumed\vendor\cakephp\cakephp\src\Http\Runner.php(65): Cake\Routing\Middleware\AssetMiddleware->__invoke(Object(Cake\Http\ServerRequest), Object(Cake\Http\Response), Object(Cake\Http\Runner))
#12 C:\xampp\htdocs\CakePHP\bigumed---CakePHP\bigumed\vendor\cakephp\cakephp\src\Error\Middleware\ErrorHandlerMiddleware.php(96): Cake\Http\Runner->__invoke(Object(Cake\Http\ServerRequest), Object(Cake\Http\Response))
#13 C:\xampp\htdocs\CakePHP\bigumed---CakePHP\bigumed\vendor\cakephp\cakephp\src\Http\Runner.php(65): Cake\Error\Middleware\ErrorHandlerMiddleware->__invoke(Object(Cake\Http\ServerRequest), Object(Cake\Http\Response), Object(Cake\Http\Runner))
#14 C:\xampp\htdocs\CakePHP\bigumed---CakePHP\bigumed\vendor\cakephp\debug_kit\src\Middleware\DebugKitMiddleware.php(53): Cake\Http\Runner->__invoke(Object(Cake\Http\ServerRequest), Object(Cake\Http\Response))
#15 C:\xampp\htdocs\CakePHP\bigumed---CakePHP\bigumed\vendor\cakephp\cakephp\src\Http\Runner.php(65): DebugKit\Middleware\DebugKitMiddleware->__invoke(Object(Cake\Http\ServerRequest), Object(Cake\Http\Response), Object(Cake\Http\Runner))
#16 C:\xampp\htdocs\CakePHP\bigumed---CakePHP\bigumed\vendor\cakephp\cakephp\src\Http\Runner.php(51): Cake\Http\Runner->__invoke(Object(Cake\Http\ServerRequest), Object(Cake\Http\Response))
#17 C:\xampp\htdocs\CakePHP\bigumed---CakePHP\bigumed\vendor\cakephp\cakephp\src\Http\Server.php(98): Cake\Http\Runner->run(Object(Cake\Http\MiddlewareQueue), Object(Cake\Http\ServerRequest), Object(Cake\Http\Response))
#18 C:\xampp\htdocs\CakePHP\bigumed---CakePHP\bigumed\webroot\index.php(40): Cake\Http\Server->run()
#19 {main}
Request URL: /users/img/bigumedLogoMenu.png
Referer URL: http://localhost/CakePHP/bigumed---CakePHP/bigumed/users/login?redirect=%2Fusers


2019-09-27 23:08:12 Error: [Cake\Controller\Exception\MissingActionException] Action UsersController::js() could not be found, or is not accessible.
Exception Attributes: array (
  'controller' => 'UsersController',
  'action' => 'js',
  'prefix' => '',
  'plugin' => false,
)
#0 C:\xampp\htdocs\CakePHP\bigumed---CakePHP\bigumed\vendor\cakephp\cakephp\src\Http\ActionDispatcher.php(120): Cake\Controller\Controller->invokeAction()
#1 C:\xampp\htdocs\CakePHP\bigumed---CakePHP\bigumed\vendor\cakephp\cakephp\src\Http\ActionDispatcher.php(94): Cake\Http\ActionDispatcher->_invoke(Object(App\Controller\UsersController))
#2 C:\xampp\htdocs\CakePHP\bigumed---CakePHP\bigumed\vendor\cakephp\cakephp\src\Http\BaseApplication.php(235): Cake\Http\ActionDispatcher->dispatch(Object(Cake\Http\ServerRequest), Object(Cake\Http\Response))
#3 C:\xampp\htdocs\CakePHP\bigumed---CakePHP\bigumed\vendor\cakephp\cakephp\src\Http\Runner.php(65): Cake\Http\BaseApplication->__invoke(Object(Cake\Http\ServerRequest), Object(Cake\Http\Response), Object(Cake\Http\Runner))
#4 C:\xampp\htdocs\CakePHP\bigumed---CakePHP\bigumed\vendor\cakephp\cakephp\src\Http\Runner.php(65): Cake\Http\Runner->__invoke(Object(Cake\Http\ServerRequest), Object(Cake\Http\Response), Object(Cake\Http\Runner))
#5 C:\xampp\htdocs\CakePHP\bigumed---CakePHP\bigumed\vendor\cakephp\cakephp\src\Http\Middleware\CsrfProtectionMiddleware.php(123): Cake\Http\Runner->__invoke(Object(Cake\Http\ServerRequest), Object(Cake\Http\Response))
#6 C:\xampp\htdocs\CakePHP\bigumed---CakePHP\bigumed\vendor\cakephp\cakephp\src\Http\Runner.php(65): Cake\Http\Middleware\CsrfProtectionMiddleware->__invoke(Object(Cake\Http\ServerRequest), Object(Cake\Http\Response), Object(Cake\Http\Runner))
#7 C:\xampp\htdocs\CakePHP\bigumed---CakePHP\bigumed\vendor\cakephp\cakephp\src\Http\Runner.php(51): Cake\Http\Runner->__invoke(Object(Cake\Http\ServerRequest), Object(Cake\Http\Response))
#8 C:\xampp\htdocs\CakePHP\bigumed---CakePHP\bigumed\vendor\cakephp\cakephp\src\Routing\Middleware\RoutingMiddleware.php(168): Cake\Http\Runner->run(Object(Cake\Http\MiddlewareQueue), Object(Cake\Http\ServerRequest), Object(Cake\Http\Response))
#9 C:\xampp\htdocs\CakePHP\bigumed---CakePHP\bigumed\vendor\cakephp\cakephp\src\Http\Runner.php(65): Cake\Routing\Middleware\RoutingMiddleware->__invoke(Object(Cake\Http\ServerRequest), Object(Cake\Http\Response), Object(Cake\Http\Runner))
#10 C:\xampp\htdocs\CakePHP\bigumed---CakePHP\bigumed\vendor\cakephp\cakephp\src\Routing\Middleware\AssetMiddleware.php(97): Cake\Http\Runner->__invoke(Object(Cake\Http\ServerRequest), Object(Cake\Http\Response))
#11 C:\xampp\htdocs\CakePHP\bigumed---CakePHP\bigumed\vendor\cakephp\cakephp\src\Http\Runner.php(65): Cake\Routing\Middleware\AssetMiddleware->__invoke(Object(Cake\Http\ServerRequest), Object(Cake\Http\Response), Object(Cake\Http\Runner))
#12 C:\xampp\htdocs\CakePHP\bigumed---CakePHP\bigumed\vendor\cakephp\cakephp\src\Error\Middleware\ErrorHandlerMiddleware.php(96): Cake\Http\Runner->__invoke(Object(Cake\Http\ServerRequest), Object(Cake\Http\Response))
#13 C:\xampp\htdocs\CakePHP\bigumed---CakePHP\bigumed\vendor\cakephp\cakephp\src\Http\Runner.php(65): Cake\Error\Middleware\ErrorHandlerMiddleware->__invoke(Object(Cake\Http\ServerRequest), Object(Cake\Http\Response), Object(Cake\Http\Runner))
#14 C:\xampp\htdocs\CakePHP\bigumed---CakePHP\bigumed\vendor\cakephp\debug_kit\src\Middleware\DebugKitMiddleware.php(53): Cake\Http\Runner->__invoke(Object(Cake\Http\ServerRequest), Object(Cake\Http\Response))
#15 C:\xampp\htdocs\CakePHP\bigumed---CakePHP\bigumed\vendor\cakephp\cakephp\src\Http\Runner.php(65): DebugKit\Middleware\DebugKitMiddleware->__invoke(Object(Cake\Http\ServerRequest), Object(Cake\Http\Response), Object(Cake\Http\Runner))
#16 C:\xampp\htdocs\CakePHP\bigumed---CakePHP\bigumed\vendor\cakephp\cakephp\src\Http\Runner.php(51): Cake\Http\Runner->__invoke(Object(Cake\Http\ServerRequest), Object(Cake\Http\Response))
#17 C:\xampp\htdocs\CakePHP\bigumed---CakePHP\bigumed\vendor\cakephp\cakephp\src\Http\Server.php(98): Cake\Http\Runner->run(Object(Cake\Http\MiddlewareQueue), Object(Cake\Http\ServerRequest), Object(Cake\Http\Response))
#18 C:\xampp\htdocs\CakePHP\bigumed---CakePHP\bigumed\webroot\index.php(40): Cake\Http\Server->run()
#19 {main}
Request URL: /users/js/materialize.min.js
Referer URL: http://localhost/CakePHP/bigumed---CakePHP/bigumed/users/login?redirect=%2Fusers


2019-09-27 23:08:12 Error: [Cake\Controller\Exception\MissingActionException] Action UsersController::js() could not be found, or is not accessible.
Exception Attributes: array (
  'controller' => 'UsersController',
  'action' => 'js',
  'prefix' => '',
  'plugin' => false,
)
#0 C:\xampp\htdocs\CakePHP\bigumed---CakePHP\bigumed\vendor\cakephp\cakephp\src\Http\ActionDispatcher.php(120): Cake\Controller\Controller->invokeAction()
#1 C:\xampp\htdocs\CakePHP\bigumed---CakePHP\bigumed\vendor\cakephp\cakephp\src\Http\ActionDispatcher.php(94): Cake\Http\ActionDispatcher->_invoke(Object(App\Controller\UsersController))
#2 C:\xampp\htdocs\CakePHP\bigumed---CakePHP\bigumed\vendor\cakephp\cakephp\src\Http\BaseApplication.php(235): Cake\Http\ActionDispatcher->dispatch(Object(Cake\Http\ServerRequest), Object(Cake\Http\Response))
#3 C:\xampp\htdocs\CakePHP\bigumed---CakePHP\bigumed\vendor\cakephp\cakephp\src\Http\Runner.php(65): Cake\Http\BaseApplication->__invoke(Object(Cake\Http\ServerRequest), Object(Cake\Http\Response), Object(Cake\Http\Runner))
#4 C:\xampp\htdocs\CakePHP\bigumed---CakePHP\bigumed\vendor\cakephp\cakephp\src\Http\Runner.php(65): Cake\Http\Runner->__invoke(Object(Cake\Http\ServerRequest), Object(Cake\Http\Response), Object(Cake\Http\Runner))
#5 C:\xampp\htdocs\CakePHP\bigumed---CakePHP\bigumed\vendor\cakephp\cakephp\src\Http\Middleware\CsrfProtectionMiddleware.php(123): Cake\Http\Runner->__invoke(Object(Cake\Http\ServerRequest), Object(Cake\Http\Response))
#6 C:\xampp\htdocs\CakePHP\bigumed---CakePHP\bigumed\vendor\cakephp\cakephp\src\Http\Runner.php(65): Cake\Http\Middleware\CsrfProtectionMiddleware->__invoke(Object(Cake\Http\ServerRequest), Object(Cake\Http\Response), Object(Cake\Http\Runner))
#7 C:\xampp\htdocs\CakePHP\bigumed---CakePHP\bigumed\vendor\cakephp\cakephp\src\Http\Runner.php(51): Cake\Http\Runner->__invoke(Object(Cake\Http\ServerRequest), Object(Cake\Http\Response))
#8 C:\xampp\htdocs\CakePHP\bigumed---CakePHP\bigumed\vendor\cakephp\cakephp\src\Routing\Middleware\RoutingMiddleware.php(168): Cake\Http\Runner->run(Object(Cake\Http\MiddlewareQueue), Object(Cake\Http\ServerRequest), Object(Cake\Http\Response))
#9 C:\xampp\htdocs\CakePHP\bigumed---CakePHP\bigumed\vendor\cakephp\cakephp\src\Http\Runner.php(65): Cake\Routing\Middleware\RoutingMiddleware->__invoke(Object(Cake\Http\ServerRequest), Object(Cake\Http\Response), Object(Cake\Http\Runner))
#10 C:\xampp\htdocs\CakePHP\bigumed---CakePHP\bigumed\vendor\cakephp\cakephp\src\Routing\Middleware\AssetMiddleware.php(97): Cake\Http\Runner->__invoke(Object(Cake\Http\ServerRequest), Object(Cake\Http\Response))
#11 C:\xampp\htdocs\CakePHP\bigumed---CakePHP\bigumed\vendor\cakephp\cakephp\src\Http\Runner.php(65): Cake\Routing\Middleware\AssetMiddleware->__invoke(Object(Cake\Http\ServerRequest), Object(Cake\Http\Response), Object(Cake\Http\Runner))
#12 C:\xampp\htdocs\CakePHP\bigumed---CakePHP\bigumed\vendor\cakephp\cakephp\src\Error\Middleware\ErrorHandlerMiddleware.php(96): Cake\Http\Runner->__invoke(Object(Cake\Http\ServerRequest), Object(Cake\Http\Response))
#13 C:\xampp\htdocs\CakePHP\bigumed---CakePHP\bigumed\vendor\cakephp\cakephp\src\Http\Runner.php(65): Cake\Error\Middleware\ErrorHandlerMiddleware->__invoke(Object(Cake\Http\ServerRequest), Object(Cake\Http\Response), Object(Cake\Http\Runner))
#14 C:\xampp\htdocs\CakePHP\bigumed---CakePHP\bigumed\vendor\cakephp\debug_kit\src\Middleware\DebugKitMiddleware.php(53): Cake\Http\Runner->__invoke(Object(Cake\Http\ServerRequest), Object(Cake\Http\Response))
#15 C:\xampp\htdocs\CakePHP\bigumed---CakePHP\bigumed\vendor\cakephp\cakephp\src\Http\Runner.php(65): DebugKit\Middleware\DebugKitMiddleware->__invoke(Object(Cake\Http\ServerRequest), Object(Cake\Http\Response), Object(Cake\Http\Runner))
#16 C:\xampp\htdocs\CakePHP\bigumed---CakePHP\bigumed\vendor\cakephp\cakephp\src\Http\Runner.php(51): Cake\Http\Runner->__invoke(Object(Cake\Http\ServerRequest), Object(Cake\Http\Response))
#17 C:\xampp\htdocs\CakePHP\bigumed---CakePHP\bigumed\vendor\cakephp\cakephp\src\Http\Server.php(98): Cake\Http\Runner->run(Object(Cake\Http\MiddlewareQueue), Object(Cake\Http\ServerRequest), Object(Cake\Http\Response))
#18 C:\xampp\htdocs\CakePHP\bigumed---CakePHP\bigumed\webroot\index.php(40): Cake\Http\Server->run()
#19 {main}
Request URL: /users/js/script.js
Referer URL: http://localhost/CakePHP/bigumed---CakePHP/bigumed/users/login?redirect=%2Fusers


2019-09-27 23:08:22 Error: [Cake\Controller\Exception\MissingActionException] Action UsersController::img() could not be found, or is not accessible.
Exception Attributes: array (
  'controller' => 'UsersController',
  'action' => 'img',
  'prefix' => '',
  'plugin' => false,
)
#0 C:\xampp\htdocs\CakePHP\bigumed---CakePHP\bigumed\vendor\cakephp\cakephp\src\Http\ActionDispatcher.php(120): Cake\Controller\Controller->invokeAction()
#1 C:\xampp\htdocs\CakePHP\bigumed---CakePHP\bigumed\vendor\cakephp\cakephp\src\Http\ActionDispatcher.php(94): Cake\Http\ActionDispatcher->_invoke(Object(App\Controller\UsersController))
#2 C:\xampp\htdocs\CakePHP\bigumed---CakePHP\bigumed\vendor\cakephp\cakephp\src\Http\BaseApplication.php(235): Cake\Http\ActionDispatcher->dispatch(Object(Cake\Http\ServerRequest), Object(Cake\Http\Response))
#3 C:\xampp\htdocs\CakePHP\bigumed---CakePHP\bigumed\vendor\cakephp\cakephp\src\Http\Runner.php(65): Cake\Http\BaseApplication->__invoke(Object(Cake\Http\ServerRequest), Object(Cake\Http\Response), Object(Cake\Http\Runner))
#4 C:\xampp\htdocs\CakePHP\bigumed---CakePHP\bigumed\vendor\cakephp\cakephp\src\Http\Runner.php(65): Cake\Http\Runner->__invoke(Object(Cake\Http\ServerRequest), Object(Cake\Http\Response), Object(Cake\Http\Runner))
#5 C:\xampp\htdocs\CakePHP\bigumed---CakePHP\bigumed\vendor\cakephp\cakephp\src\Http\Middleware\CsrfProtectionMiddleware.php(123): Cake\Http\Runner->__invoke(Object(Cake\Http\ServerRequest), Object(Cake\Http\Response))
#6 C:\xampp\htdocs\CakePHP\bigumed---CakePHP\bigumed\vendor\cakephp\cakephp\src\Http\Runner.php(65): Cake\Http\Middleware\CsrfProtectionMiddleware->__invoke(Object(Cake\Http\ServerRequest), Object(Cake\Http\Response), Object(Cake\Http\Runner))
#7 C:\xampp\htdocs\CakePHP\bigumed---CakePHP\bigumed\vendor\cakephp\cakephp\src\Http\Runner.php(51): Cake\Http\Runner->__invoke(Object(Cake\Http\ServerRequest), Object(Cake\Http\Response))
#8 C:\xampp\htdocs\CakePHP\bigumed---CakePHP\bigumed\vendor\cakephp\cakephp\src\Routing\Middleware\RoutingMiddleware.php(168): Cake\Http\Runner->run(Object(Cake\Http\MiddlewareQueue), Object(Cake\Http\ServerRequest), Object(Cake\Http\Response))
#9 C:\xampp\htdocs\CakePHP\bigumed---CakePHP\bigumed\vendor\cakephp\cakephp\src\Http\Runner.php(65): Cake\Routing\Middleware\RoutingMiddleware->__invoke(Object(Cake\Http\ServerRequest), Object(Cake\Http\Response), Object(Cake\Http\Runner))
#10 C:\xampp\htdocs\CakePHP\bigumed---CakePHP\bigumed\vendor\cakephp\cakephp\src\Routing\Middleware\AssetMiddleware.php(97): Cake\Http\Runner->__invoke(Object(Cake\Http\ServerRequest), Object(Cake\Http\Response))
#11 C:\xampp\htdocs\CakePHP\bigumed---CakePHP\bigumed\vendor\cakephp\cakephp\src\Http\Runner.php(65): Cake\Routing\Middleware\AssetMiddleware->__invoke(Object(Cake\Http\ServerRequest), Object(Cake\Http\Response), Object(Cake\Http\Runner))
#12 C:\xampp\htdocs\CakePHP\bigumed---CakePHP\bigumed\vendor\cakephp\cakephp\src\Error\Middleware\ErrorHandlerMiddleware.php(96): Cake\Http\Runner->__invoke(Object(Cake\Http\ServerRequest), Object(Cake\Http\Response))
#13 C:\xampp\htdocs\CakePHP\bigumed---CakePHP\bigumed\vendor\cakephp\cakephp\src\Http\Runner.php(65): Cake\Error\Middleware\ErrorHandlerMiddleware->__invoke(Object(Cake\Http\ServerRequest), Object(Cake\Http\Response), Object(Cake\Http\Runner))
#14 C:\xampp\htdocs\CakePHP\bigumed---CakePHP\bigumed\vendor\cakephp\debug_kit\src\Middleware\DebugKitMiddleware.php(53): Cake\Http\Runner->__invoke(Object(Cake\Http\ServerRequest), Object(Cake\Http\Response))
#15 C:\xampp\htdocs\CakePHP\bigumed---CakePHP\bigumed\vendor\cakephp\cakephp\src\Http\Runner.php(65): DebugKit\Middleware\DebugKitMiddleware->__invoke(Object(Cake\Http\ServerRequest), Object(Cake\Http\Response), Object(Cake\Http\Runner))
#16 C:\xampp\htdocs\CakePHP\bigumed---CakePHP\bigumed\vendor\cakephp\cakephp\src\Http\Runner.php(51): Cake\Http\Runner->__invoke(Object(Cake\Http\ServerRequest), Object(Cake\Http\Response))
#17 C:\xampp\htdocs\CakePHP\bigumed---CakePHP\bigumed\vendor\cakephp\cakephp\src\Http\Server.php(98): Cake\Http\Runner->run(Object(Cake\Http\MiddlewareQueue), Object(Cake\Http\ServerRequest), Object(Cake\Http\Response))
#18 C:\xampp\htdocs\CakePHP\bigumed---CakePHP\bigumed\webroot\index.php(40): Cake\Http\Server->run()
#19 {main}
Request URL: /users/img/bigumedLogoMenu.png
Referer URL: http://localhost/CakePHP/bigumed---CakePHP/bigumed/users/login?redirect=%2Fusers


2019-09-27 23:08:23 Error: [Cake\Controller\Exception\MissingActionException] Action UsersController::js() could not be found, or is not accessible.
Exception Attributes: array (
  'controller' => 'UsersController',
  'action' => 'js',
  'prefix' => '',
  'plugin' => false,
)
#0 C:\xampp\htdocs\CakePHP\bigumed---CakePHP\bigumed\vendor\cakephp\cakephp\src\Http\ActionDispatcher.php(120): Cake\Controller\Controller->invokeAction()
#1 C:\xampp\htdocs\CakePHP\bigumed---CakePHP\bigumed\vendor\cakephp\cakephp\src\Http\ActionDispatcher.php(94): Cake\Http\ActionDispatcher->_invoke(Object(App\Controller\UsersController))
#2 C:\xampp\htdocs\CakePHP\bigumed---CakePHP\bigumed\vendor\cakephp\cakephp\src\Http\BaseApplication.php(235): Cake\Http\ActionDispatcher->dispatch(Object(Cake\Http\ServerRequest), Object(Cake\Http\Response))
#3 C:\xampp\htdocs\CakePHP\bigumed---CakePHP\bigumed\vendor\cakephp\cakephp\src\Http\Runner.php(65): Cake\Http\BaseApplication->__invoke(Object(Cake\Http\ServerRequest), Object(Cake\Http\Response), Object(Cake\Http\Runner))
#4 C:\xampp\htdocs\CakePHP\bigumed---CakePHP\bigumed\vendor\cakephp\cakephp\src\Http\Runner.php(65): Cake\Http\Runner->__invoke(Object(Cake\Http\ServerRequest), Object(Cake\Http\Response), Object(Cake\Http\Runner))
#5 C:\xampp\htdocs\CakePHP\bigumed---CakePHP\bigumed\vendor\cakephp\cakephp\src\Http\Middleware\CsrfProtectionMiddleware.php(123): Cake\Http\Runner->__invoke(Object(Cake\Http\ServerRequest), Object(Cake\Http\Response))
#6 C:\xampp\htdocs\CakePHP\bigumed---CakePHP\bigumed\vendor\cakephp\cakephp\src\Http\Runner.php(65): Cake\Http\Middleware\CsrfProtectionMiddleware->__invoke(Object(Cake\Http\ServerRequest), Object(Cake\Http\Response), Object(Cake\Http\Runner))
#7 C:\xampp\htdocs\CakePHP\bigumed---CakePHP\bigumed\vendor\cakephp\cakephp\src\Http\Runner.php(51): Cake\Http\Runner->__invoke(Object(Cake\Http\ServerRequest), Object(Cake\Http\Response))
#8 C:\xampp\htdocs\CakePHP\bigumed---CakePHP\bigumed\vendor\cakephp\cakephp\src\Routing\Middleware\RoutingMiddleware.php(168): Cake\Http\Runner->run(Object(Cake\Http\MiddlewareQueue), Object(Cake\Http\ServerRequest), Object(Cake\Http\Response))
#9 C:\xampp\htdocs\CakePHP\bigumed---CakePHP\bigumed\vendor\cakephp\cakephp\src\Http\Runner.php(65): Cake\Routing\Middleware\RoutingMiddleware->__invoke(Object(Cake\Http\ServerRequest), Object(Cake\Http\Response), Object(Cake\Http\Runner))
#10 C:\xampp\htdocs\CakePHP\bigumed---CakePHP\bigumed\vendor\cakephp\cakephp\src\Routing\Middleware\AssetMiddleware.php(97): Cake\Http\Runner->__invoke(Object(Cake\Http\ServerRequest), Object(Cake\Http\Response))
#11 C:\xampp\htdocs\CakePHP\bigumed---CakePHP\bigumed\vendor\cakephp\cakephp\src\Http\Runner.php(65): Cake\Routing\Middleware\AssetMiddleware->__invoke(Object(Cake\Http\ServerRequest), Object(Cake\Http\Response), Object(Cake\Http\Runner))
#12 C:\xampp\htdocs\CakePHP\bigumed---CakePHP\bigumed\vendor\cakephp\cakephp\src\Error\Middleware\ErrorHandlerMiddleware.php(96): Cake\Http\Runner->__invoke(Object(Cake\Http\ServerRequest), Object(Cake\Http\Response))
#13 C:\xampp\htdocs\CakePHP\bigumed---CakePHP\bigumed\vendor\cakephp\cakephp\src\Http\Runner.php(65): Cake\Error\Middleware\ErrorHandlerMiddleware->__invoke(Object(Cake\Http\ServerRequest), Object(Cake\Http\Response), Object(Cake\Http\Runner))
#14 C:\xampp\htdocs\CakePHP\bigumed---CakePHP\bigumed\vendor\cakephp\debug_kit\src\Middleware\DebugKitMiddleware.php(53): Cake\Http\Runner->__invoke(Object(Cake\Http\ServerRequest), Object(Cake\Http\Response))
#15 C:\xampp\htdocs\CakePHP\bigumed---CakePHP\bigumed\vendor\cakephp\cakephp\src\Http\Runner.php(65): DebugKit\Middleware\DebugKitMiddleware->__invoke(Object(Cake\Http\ServerRequest), Object(Cake\Http\Response), Object(Cake\Http\Runner))
#16 C:\xampp\htdocs\CakePHP\bigumed---CakePHP\bigumed\vendor\cakephp\cakephp\src\Http\Runner.php(51): Cake\Http\Runner->__invoke(Object(Cake\Http\ServerRequest), Object(Cake\Http\Response))
#17 C:\xampp\htdocs\CakePHP\bigumed---CakePHP\bigumed\vendor\cakephp\cakephp\src\Http\Server.php(98): Cake\Http\Runner->run(Object(Cake\Http\MiddlewareQueue), Object(Cake\Http\ServerRequest), Object(Cake\Http\Response))
#18 C:\xampp\htdocs\CakePHP\bigumed---CakePHP\bigumed\webroot\index.php(40): Cake\Http\Server->run()
#19 {main}
Request URL: /users/js/materialize.min.js
Referer URL: http://localhost/CakePHP/bigumed---CakePHP/bigumed/users/login?redirect=%2Fusers


2019-09-27 23:08:23 Error: [Cake\Controller\Exception\MissingActionException] Action UsersController::js() could not be found, or is not accessible.
Exception Attributes: array (
  'controller' => 'UsersController',
  'action' => 'js',
  'prefix' => '',
  'plugin' => false,
)
#0 C:\xampp\htdocs\CakePHP\bigumed---CakePHP\bigumed\vendor\cakephp\cakephp\src\Http\ActionDispatcher.php(120): Cake\Controller\Controller->invokeAction()
#1 C:\xampp\htdocs\CakePHP\bigumed---CakePHP\bigumed\vendor\cakephp\cakephp\src\Http\ActionDispatcher.php(94): Cake\Http\ActionDispatcher->_invoke(Object(App\Controller\UsersController))
#2 C:\xampp\htdocs\CakePHP\bigumed---CakePHP\bigumed\vendor\cakephp\cakephp\src\Http\BaseApplication.php(235): Cake\Http\ActionDispatcher->dispatch(Object(Cake\Http\ServerRequest), Object(Cake\Http\Response))
#3 C:\xampp\htdocs\CakePHP\bigumed---CakePHP\bigumed\vendor\cakephp\cakephp\src\Http\Runner.php(65): Cake\Http\BaseApplication->__invoke(Object(Cake\Http\ServerRequest), Object(Cake\Http\Response), Object(Cake\Http\Runner))
#4 C:\xampp\htdocs\CakePHP\bigumed---CakePHP\bigumed\vendor\cakephp\cakephp\src\Http\Runner.php(65): Cake\Http\Runner->__invoke(Object(Cake\Http\ServerRequest), Object(Cake\Http\Response), Object(Cake\Http\Runner))
#5 C:\xampp\htdocs\CakePHP\bigumed---CakePHP\bigumed\vendor\cakephp\cakephp\src\Http\Middleware\CsrfProtectionMiddleware.php(123): Cake\Http\Runner->__invoke(Object(Cake\Http\ServerRequest), Object(Cake\Http\Response))
#6 C:\xampp\htdocs\CakePHP\bigumed---CakePHP\bigumed\vendor\cakephp\cakephp\src\Http\Runner.php(65): Cake\Http\Middleware\CsrfProtectionMiddleware->__invoke(Object(Cake\Http\ServerRequest), Object(Cake\Http\Response), Object(Cake\Http\Runner))
#7 C:\xampp\htdocs\CakePHP\bigumed---CakePHP\bigumed\vendor\cakephp\cakephp\src\Http\Runner.php(51): Cake\Http\Runner->__invoke(Object(Cake\Http\ServerRequest), Object(Cake\Http\Response))
#8 C:\xampp\htdocs\CakePHP\bigumed---CakePHP\bigumed\vendor\cakephp\cakephp\src\Routing\Middleware\RoutingMiddleware.php(168): Cake\Http\Runner->run(Object(Cake\Http\MiddlewareQueue), Object(Cake\Http\ServerRequest), Object(Cake\Http\Response))
#9 C:\xampp\htdocs\CakePHP\bigumed---CakePHP\bigumed\vendor\cakephp\cakephp\src\Http\Runner.php(65): Cake\Routing\Middleware\RoutingMiddleware->__invoke(Object(Cake\Http\ServerRequest), Object(Cake\Http\Response), Object(Cake\Http\Runner))
#10 C:\xampp\htdocs\CakePHP\bigumed---CakePHP\bigumed\vendor\cakephp\cakephp\src\Routing\Middleware\AssetMiddleware.php(97): Cake\Http\Runner->__invoke(Object(Cake\Http\ServerRequest), Object(Cake\Http\Response))
#11 C:\xampp\htdocs\CakePHP\bigumed---CakePHP\bigumed\vendor\cakephp\cakephp\src\Http\Runner.php(65): Cake\Routing\Middleware\AssetMiddleware->__invoke(Object(Cake\Http\ServerRequest), Object(Cake\Http\Response), Object(Cake\Http\Runner))
#12 C:\xampp\htdocs\CakePHP\bigumed---CakePHP\bigumed\vendor\cakephp\cakephp\src\Error\Middleware\ErrorHandlerMiddleware.php(96): Cake\Http\Runner->__invoke(Object(Cake\Http\ServerRequest), Object(Cake\Http\Response))
#13 C:\xampp\htdocs\CakePHP\bigumed---CakePHP\bigumed\vendor\cakephp\cakephp\src\Http\Runner.php(65): Cake\Error\Middleware\ErrorHandlerMiddleware->__invoke(Object(Cake\Http\ServerRequest), Object(Cake\Http\Response), Object(Cake\Http\Runner))
#14 C:\xampp\htdocs\CakePHP\bigumed---CakePHP\bigumed\vendor\cakephp\debug_kit\src\Middleware\DebugKitMiddleware.php(53): Cake\Http\Runner->__invoke(Object(Cake\Http\ServerRequest), Object(Cake\Http\Response))
#15 C:\xampp\htdocs\CakePHP\bigumed---CakePHP\bigumed\vendor\cakephp\cakephp\src\Http\Runner.php(65): DebugKit\Middleware\DebugKitMiddleware->__invoke(Object(Cake\Http\ServerRequest), Object(Cake\Http\Response), Object(Cake\Http\Runner))
#16 C:\xampp\htdocs\CakePHP\bigumed---CakePHP\bigumed\vendor\cakephp\cakephp\src\Http\Runner.php(51): Cake\Http\Runner->__invoke(Object(Cake\Http\ServerRequest), Object(Cake\Http\Response))
#17 C:\xampp\htdocs\CakePHP\bigumed---CakePHP\bigumed\vendor\cakephp\cakephp\src\Http\Server.php(98): Cake\Http\Runner->run(Object(Cake\Http\MiddlewareQueue), Object(Cake\Http\ServerRequest), Object(Cake\Http\Response))
#18 C:\xampp\htdocs\CakePHP\bigumed---CakePHP\bigumed\webroot\index.php(40): Cake\Http\Server->run()
#19 {main}
Request URL: /users/js/script.js
Referer URL: http://localhost/CakePHP/bigumed---CakePHP/bigumed/users/login?redirect=%2Fusers


2019-09-27 23:09:16 Error: [Cake\Controller\Exception\MissingActionException] Action UsersController::js() could not be found, or is not accessible.
Exception Attributes: array (
  'controller' => 'UsersController',
  'action' => 'js',
  'prefix' => '',
  'plugin' => false,
)
#0 C:\xampp\htdocs\CakePHP\bigumed---CakePHP\bigumed\vendor\cakephp\cakephp\src\Http\ActionDispatcher.php(120): Cake\Controller\Controller->invokeAction()
#1 C:\xampp\htdocs\CakePHP\bigumed---CakePHP\bigumed\vendor\cakephp\cakephp\src\Http\ActionDispatcher.php(94): Cake\Http\ActionDispatcher->_invoke(Object(App\Controller\UsersController))
#2 C:\xampp\htdocs\CakePHP\bigumed---CakePHP\bigumed\vendor\cakephp\cakephp\src\Http\BaseApplication.php(235): Cake\Http\ActionDispatcher->dispatch(Object(Cake\Http\ServerRequest), Object(Cake\Http\Response))
#3 C:\xampp\htdocs\CakePHP\bigumed---CakePHP\bigumed\vendor\cakephp\cakephp\src\Http\Runner.php(65): Cake\Http\BaseApplication->__invoke(Object(Cake\Http\ServerRequest), Object(Cake\Http\Response), Object(Cake\Http\Runner))
#4 C:\xampp\htdocs\CakePHP\bigumed---CakePHP\bigumed\vendor\cakephp\cakephp\src\Http\Runner.php(65): Cake\Http\Runner->__invoke(Object(Cake\Http\ServerRequest), Object(Cake\Http\Response), Object(Cake\Http\Runner))
#5 C:\xampp\htdocs\CakePHP\bigumed---CakePHP\bigumed\vendor\cakephp\cakephp\src\Http\Middleware\CsrfProtectionMiddleware.php(123): Cake\Http\Runner->__invoke(Object(Cake\Http\ServerRequest), Object(Cake\Http\Response))
#6 C:\xampp\htdocs\CakePHP\bigumed---CakePHP\bigumed\vendor\cakephp\cakephp\src\Http\Runner.php(65): Cake\Http\Middleware\CsrfProtectionMiddleware->__invoke(Object(Cake\Http\ServerRequest), Object(Cake\Http\Response), Object(Cake\Http\Runner))
#7 C:\xampp\htdocs\CakePHP\bigumed---CakePHP\bigumed\vendor\cakephp\cakephp\src\Http\Runner.php(51): Cake\Http\Runner->__invoke(Object(Cake\Http\ServerRequest), Object(Cake\Http\Response))
#8 C:\xampp\htdocs\CakePHP\bigumed---CakePHP\bigumed\vendor\cakephp\cakephp\src\Routing\Middleware\RoutingMiddleware.php(168): Cake\Http\Runner->run(Object(Cake\Http\MiddlewareQueue), Object(Cake\Http\ServerRequest), Object(Cake\Http\Response))
#9 C:\xampp\htdocs\CakePHP\bigumed---CakePHP\bigumed\vendor\cakephp\cakephp\src\Http\Runner.php(65): Cake\Routing\Middleware\RoutingMiddleware->__invoke(Object(Cake\Http\ServerRequest), Object(Cake\Http\Response), Object(Cake\Http\Runner))
#10 C:\xampp\htdocs\CakePHP\bigumed---CakePHP\bigumed\vendor\cakephp\cakephp\src\Routing\Middleware\AssetMiddleware.php(97): Cake\Http\Runner->__invoke(Object(Cake\Http\ServerRequest), Object(Cake\Http\Response))
#11 C:\xampp\htdocs\CakePHP\bigumed---CakePHP\bigumed\vendor\cakephp\cakephp\src\Http\Runner.php(65): Cake\Routing\Middleware\AssetMiddleware->__invoke(Object(Cake\Http\ServerRequest), Object(Cake\Http\Response), Object(Cake\Http\Runner))
#12 C:\xampp\htdocs\CakePHP\bigumed---CakePHP\bigumed\vendor\cakephp\cakephp\src\Error\Middleware\ErrorHandlerMiddleware.php(96): Cake\Http\Runner->__invoke(Object(Cake\Http\ServerRequest), Object(Cake\Http\Response))
#13 C:\xampp\htdocs\CakePHP\bigumed---CakePHP\bigumed\vendor\cakephp\cakephp\src\Http\Runner.php(65): Cake\Error\Middleware\ErrorHandlerMiddleware->__invoke(Object(Cake\Http\ServerRequest), Object(Cake\Http\Response), Object(Cake\Http\Runner))
#14 C:\xampp\htdocs\CakePHP\bigumed---CakePHP\bigumed\vendor\cakephp\debug_kit\src\Middleware\DebugKitMiddleware.php(53): Cake\Http\Runner->__invoke(Object(Cake\Http\ServerRequest), Object(Cake\Http\Response))
#15 C:\xampp\htdocs\CakePHP\bigumed---CakePHP\bigumed\vendor\cakephp\cakephp\src\Http\Runner.php(65): DebugKit\Middleware\DebugKitMiddleware->__invoke(Object(Cake\Http\ServerRequest), Object(Cake\Http\Response), Object(Cake\Http\Runner))
#16 C:\xampp\htdocs\CakePHP\bigumed---CakePHP\bigumed\vendor\cakephp\cakephp\src\Http\Runner.php(51): Cake\Http\Runner->__invoke(Object(Cake\Http\ServerRequest), Object(Cake\Http\Response))
#17 C:\xampp\htdocs\CakePHP\bigumed---CakePHP\bigumed\vendor\cakephp\cakephp\src\Http\Server.php(98): Cake\Http\Runner->run(Object(Cake\Http\MiddlewareQueue), Object(Cake\Http\ServerRequest), Object(Cake\Http\Response))
#18 C:\xampp\htdocs\CakePHP\bigumed---CakePHP\bigumed\webroot\index.php(40): Cake\Http\Server->run()
#19 {main}
Request URL: /users/js/materialize.min.js
Referer URL: http://localhost/CakePHP/bigumed---CakePHP/bigumed/users/login?redirect=%2Fusers


2019-09-27 23:09:17 Error: [Cake\Controller\Exception\MissingActionException] Action UsersController::js() could not be found, or is not accessible.
Exception Attributes: array (
  'controller' => 'UsersController',
  'action' => 'js',
  'prefix' => '',
  'plugin' => false,
)
#0 C:\xampp\htdocs\CakePHP\bigumed---CakePHP\bigumed\vendor\cakephp\cakephp\src\Http\ActionDispatcher.php(120): Cake\Controller\Controller->invokeAction()
#1 C:\xampp\htdocs\CakePHP\bigumed---CakePHP\bigumed\vendor\cakephp\cakephp\src\Http\ActionDispatcher.php(94): Cake\Http\ActionDispatcher->_invoke(Object(App\Controller\UsersController))
#2 C:\xampp\htdocs\CakePHP\bigumed---CakePHP\bigumed\vendor\cakephp\cakephp\src\Http\BaseApplication.php(235): Cake\Http\ActionDispatcher->dispatch(Object(Cake\Http\ServerRequest), Object(Cake\Http\Response))
#3 C:\xampp\htdocs\CakePHP\bigumed---CakePHP\bigumed\vendor\cakephp\cakephp\src\Http\Runner.php(65): Cake\Http\BaseApplication->__invoke(Object(Cake\Http\ServerRequest), Object(Cake\Http\Response), Object(Cake\Http\Runner))
#4 C:\xampp\htdocs\CakePHP\bigumed---CakePHP\bigumed\vendor\cakephp\cakephp\src\Http\Runner.php(65): Cake\Http\Runner->__invoke(Object(Cake\Http\ServerRequest), Object(Cake\Http\Response), Object(Cake\Http\Runner))
#5 C:\xampp\htdocs\CakePHP\bigumed---CakePHP\bigumed\vendor\cakephp\cakephp\src\Http\Middleware\CsrfProtectionMiddleware.php(123): Cake\Http\Runner->__invoke(Object(Cake\Http\ServerRequest), Object(Cake\Http\Response))
#6 C:\xampp\htdocs\CakePHP\bigumed---CakePHP\bigumed\vendor\cakephp\cakephp\src\Http\Runner.php(65): Cake\Http\Middleware\CsrfProtectionMiddleware->__invoke(Object(Cake\Http\ServerRequest), Object(Cake\Http\Response), Object(Cake\Http\Runner))
#7 C:\xampp\htdocs\CakePHP\bigumed---CakePHP\bigumed\vendor\cakephp\cakephp\src\Http\Runner.php(51): Cake\Http\Runner->__invoke(Object(Cake\Http\ServerRequest), Object(Cake\Http\Response))
#8 C:\xampp\htdocs\CakePHP\bigumed---CakePHP\bigumed\vendor\cakephp\cakephp\src\Routing\Middleware\RoutingMiddleware.php(168): Cake\Http\Runner->run(Object(Cake\Http\MiddlewareQueue), Object(Cake\Http\ServerRequest), Object(Cake\Http\Response))
#9 C:\xampp\htdocs\CakePHP\bigumed---CakePHP\bigumed\vendor\cakephp\cakephp\src\Http\Runner.php(65): Cake\Routing\Middleware\RoutingMiddleware->__invoke(Object(Cake\Http\ServerRequest), Object(Cake\Http\Response), Object(Cake\Http\Runner))
#10 C:\xampp\htdocs\CakePHP\bigumed---CakePHP\bigumed\vendor\cakephp\cakephp\src\Routing\Middleware\AssetMiddleware.php(97): Cake\Http\Runner->__invoke(Object(Cake\Http\ServerRequest), Object(Cake\Http\Response))
#11 C:\xampp\htdocs\CakePHP\bigumed---CakePHP\bigumed\vendor\cakephp\cakephp\src\Http\Runner.php(65): Cake\Routing\Middleware\AssetMiddleware->__invoke(Object(Cake\Http\ServerRequest), Object(Cake\Http\Response), Object(Cake\Http\Runner))
#12 C:\xampp\htdocs\CakePHP\bigumed---CakePHP\bigumed\vendor\cakephp\cakephp\src\Error\Middleware\ErrorHandlerMiddleware.php(96): Cake\Http\Runner->__invoke(Object(Cake\Http\ServerRequest), Object(Cake\Http\Response))
#13 C:\xampp\htdocs\CakePHP\bigumed---CakePHP\bigumed\vendor\cakephp\cakephp\src\Http\Runner.php(65): Cake\Error\Middleware\ErrorHandlerMiddleware->__invoke(Object(Cake\Http\ServerRequest), Object(Cake\Http\Response), Object(Cake\Http\Runner))
#14 C:\xampp\htdocs\CakePHP\bigumed---CakePHP\bigumed\vendor\cakephp\debug_kit\src\Middleware\DebugKitMiddleware.php(53): Cake\Http\Runner->__invoke(Object(Cake\Http\ServerRequest), Object(Cake\Http\Response))
#15 C:\xampp\htdocs\CakePHP\bigumed---CakePHP\bigumed\vendor\cakephp\cakephp\src\Http\Runner.php(65): DebugKit\Middleware\DebugKitMiddleware->__invoke(Object(Cake\Http\ServerRequest), Object(Cake\Http\Response), Object(Cake\Http\Runner))
#16 C:\xampp\htdocs\CakePHP\bigumed---CakePHP\bigumed\vendor\cakephp\cakephp\src\Http\Runner.php(51): Cake\Http\Runner->__invoke(Object(Cake\Http\ServerRequest), Object(Cake\Http\Response))
#17 C:\xampp\htdocs\CakePHP\bigumed---CakePHP\bigumed\vendor\cakephp\cakephp\src\Http\Server.php(98): Cake\Http\Runner->run(Object(Cake\Http\MiddlewareQueue), Object(Cake\Http\ServerRequest), Object(Cake\Http\Response))
#18 C:\xampp\htdocs\CakePHP\bigumed---CakePHP\bigumed\webroot\index.php(40): Cake\Http\Server->run()
#19 {main}
Request URL: /users/js/script.js
Referer URL: http://localhost/CakePHP/bigumed---CakePHP/bigumed/users/login?redirect=%2Fusers


2019-09-27 23:09:17 Error: [Cake\Controller\Exception\MissingActionException] Action UsersController::img() could not be found, or is not accessible.
Exception Attributes: array (
  'controller' => 'UsersController',
  'action' => 'img',
  'prefix' => '',
  'plugin' => false,
)
#0 C:\xampp\htdocs\CakePHP\bigumed---CakePHP\bigumed\vendor\cakephp\cakephp\src\Http\ActionDispatcher.php(120): Cake\Controller\Controller->invokeAction()
#1 C:\xampp\htdocs\CakePHP\bigumed---CakePHP\bigumed\vendor\cakephp\cakephp\src\Http\ActionDispatcher.php(94): Cake\Http\ActionDispatcher->_invoke(Object(App\Controller\UsersController))
#2 C:\xampp\htdocs\CakePHP\bigumed---CakePHP\bigumed\vendor\cakephp\cakephp\src\Http\BaseApplication.php(235): Cake\Http\ActionDispatcher->dispatch(Object(Cake\Http\ServerRequest), Object(Cake\Http\Response))
#3 C:\xampp\htdocs\CakePHP\bigumed---CakePHP\bigumed\vendor\cakephp\cakephp\src\Http\Runner.php(65): Cake\Http\BaseApplication->__invoke(Object(Cake\Http\ServerRequest), Object(Cake\Http\Response), Object(Cake\Http\Runner))
#4 C:\xampp\htdocs\CakePHP\bigumed---CakePHP\bigumed\vendor\cakephp\cakephp\src\Http\Runner.php(65): Cake\Http\Runner->__invoke(Object(Cake\Http\ServerRequest), Object(Cake\Http\Response), Object(Cake\Http\Runner))
#5 C:\xampp\htdocs\CakePHP\bigumed---CakePHP\bigumed\vendor\cakephp\cakephp\src\Http\Middleware\CsrfProtectionMiddleware.php(123): Cake\Http\Runner->__invoke(Object(Cake\Http\ServerRequest), Object(Cake\Http\Response))
#6 C:\xampp\htdocs\CakePHP\bigumed---CakePHP\bigumed\vendor\cakephp\cakephp\src\Http\Runner.php(65): Cake\Http\Middleware\CsrfProtectionMiddleware->__invoke(Object(Cake\Http\ServerRequest), Object(Cake\Http\Response), Object(Cake\Http\Runner))
#7 C:\xampp\htdocs\CakePHP\bigumed---CakePHP\bigumed\vendor\cakephp\cakephp\src\Http\Runner.php(51): Cake\Http\Runner->__invoke(Object(Cake\Http\ServerRequest), Object(Cake\Http\Response))
#8 C:\xampp\htdocs\CakePHP\bigumed---CakePHP\bigumed\vendor\cakephp\cakephp\src\Routing\Middleware\RoutingMiddleware.php(168): Cake\Http\Runner->run(Object(Cake\Http\MiddlewareQueue), Object(Cake\Http\ServerRequest), Object(Cake\Http\Response))
#9 C:\xampp\htdocs\CakePHP\bigumed---CakePHP\bigumed\vendor\cakephp\cakephp\src\Http\Runner.php(65): Cake\Routing\Middleware\RoutingMiddleware->__invoke(Object(Cake\Http\ServerRequest), Object(Cake\Http\Response), Object(Cake\Http\Runner))
#10 C:\xampp\htdocs\CakePHP\bigumed---CakePHP\bigumed\vendor\cakephp\cakephp\src\Routing\Middleware\AssetMiddleware.php(97): Cake\Http\Runner->__invoke(Object(Cake\Http\ServerRequest), Object(Cake\Http\Response))
#11 C:\xampp\htdocs\CakePHP\bigumed---CakePHP\bigumed\vendor\cakephp\cakephp\src\Http\Runner.php(65): Cake\Routing\Middleware\AssetMiddleware->__invoke(Object(Cake\Http\ServerRequest), Object(Cake\Http\Response), Object(Cake\Http\Runner))
#12 C:\xampp\htdocs\CakePHP\bigumed---CakePHP\bigumed\vendor\cakephp\cakephp\src\Error\Middleware\ErrorHandlerMiddleware.php(96): Cake\Http\Runner->__invoke(Object(Cake\Http\ServerRequest), Object(Cake\Http\Response))
#13 C:\xampp\htdocs\CakePHP\bigumed---CakePHP\bigumed\vendor\cakephp\cakephp\src\Http\Runner.php(65): Cake\Error\Middleware\ErrorHandlerMiddleware->__invoke(Object(Cake\Http\ServerRequest), Object(Cake\Http\Response), Object(Cake\Http\Runner))
#14 C:\xampp\htdocs\CakePHP\bigumed---CakePHP\bigumed\vendor\cakephp\debug_kit\src\Middleware\DebugKitMiddleware.php(53): Cake\Http\Runner->__invoke(Object(Cake\Http\ServerRequest), Object(Cake\Http\Response))
#15 C:\xampp\htdocs\CakePHP\bigumed---CakePHP\bigumed\vendor\cakephp\cakephp\src\Http\Runner.php(65): DebugKit\Middleware\DebugKitMiddleware->__invoke(Object(Cake\Http\ServerRequest), Object(Cake\Http\Response), Object(Cake\Http\Runner))
#16 C:\xampp\htdocs\CakePHP\bigumed---CakePHP\bigumed\vendor\cakephp\cakephp\src\Http\Runner.php(51): Cake\Http\Runner->__invoke(Object(Cake\Http\ServerRequest), Object(Cake\Http\Response))
#17 C:\xampp\htdocs\CakePHP\bigumed---CakePHP\bigumed\vendor\cakephp\cakephp\src\Http\Server.php(98): Cake\Http\Runner->run(Object(Cake\Http\MiddlewareQueue), Object(Cake\Http\ServerRequest), Object(Cake\Http\Response))
#18 C:\xampp\htdocs\CakePHP\bigumed---CakePHP\bigumed\webroot\index.php(40): Cake\Http\Server->run()
#19 {main}
Request URL: /users/img/bigumedLogoMenu.png
Referer URL: http://localhost/CakePHP/bigumed---CakePHP/bigumed/users/login?redirect=%2Fusers


